[2024-05-18 17:40:51Z INFO HostContext] No proxy settings were found based on environmental variables (http_proxy/https_proxy/HTTP_PROXY/HTTPS_PROXY)
[2024-05-18 17:40:51Z INFO HostContext] Well known directory 'Bin': 'C:\Users\Kostya\Cabify_git\github_cabify\actions-runner\bin'
[2024-05-18 17:40:51Z INFO HostContext] Well known directory 'Root': 'C:\Users\Kostya\Cabify_git\github_cabify\actions-runner'
[2024-05-18 17:40:51Z INFO HostContext] Well known config file 'Credentials': 'C:\Users\Kostya\Cabify_git\github_cabify\actions-runner\.credentials'
[2024-05-18 17:40:51Z INFO HostContext] Well known directory 'Bin': 'C:\Users\Kostya\Cabify_git\github_cabify\actions-runner\bin'
[2024-05-18 17:40:51Z INFO HostContext] Well known directory 'Root': 'C:\Users\Kostya\Cabify_git\github_cabify\actions-runner'
[2024-05-18 17:40:51Z INFO HostContext] Well known config file 'Runner': 'C:\Users\Kostya\Cabify_git\github_cabify\actions-runner\.runner'
[2024-05-18 17:40:51Z INFO Listener] Runner is built for Windows (X64) - win-x64.
[2024-05-18 17:40:51Z INFO Listener] RuntimeInformation: Microsoft Windows 10.0.22631.
[2024-05-18 17:40:51Z INFO Listener] Version: 2.316.1
[2024-05-18 17:40:51Z INFO Listener] Commit: 9ac138d10eac15c71493f004f1b1bc919ead40de
[2024-05-18 17:40:51Z INFO Listener] Culture: en-US
[2024-05-18 17:40:51Z INFO Listener] UI Culture: en-GB
[2024-05-18 17:40:51Z INFO HostContext] Well known directory 'Bin': 'C:\Users\Kostya\Cabify_git\github_cabify\actions-runner\bin'
[2024-05-18 17:40:51Z INFO HostContext] Well known directory 'Root': 'C:\Users\Kostya\Cabify_git\github_cabify\actions-runner'
[2024-05-18 17:40:51Z INFO Listener] Validating directory permissions for: 'C:\Users\Kostya\Cabify_git\github_cabify\actions-runner'
[2024-05-18 17:40:51Z INFO CommandLineParser] Parse
[2024-05-18 17:40:51Z INFO CommandLineParser] Parsing 1 args
[2024-05-18 17:40:51Z INFO CommandLineParser] parsing argument
[2024-05-18 17:40:51Z INFO CommandLineParser] HasArgs: False
[2024-05-18 17:40:51Z INFO CommandLineParser] Adding Command: remove
[2024-05-18 17:40:51Z INFO Listener] Arguments parsed
[2024-05-18 17:40:51Z INFO Runner] ExecuteCommand
[2024-05-18 17:40:51Z INFO ConfigurationStore] currentAssemblyLocation: C:\Users\Kostya\Cabify_git\github_cabify\actions-runner\bin\Runner.Listener.dll
[2024-05-18 17:40:51Z INFO HostContext] Well known directory 'Bin': 'C:\Users\Kostya\Cabify_git\github_cabify\actions-runner\bin'
[2024-05-18 17:40:51Z INFO ConfigurationStore] binPath: C:\Users\Kostya\Cabify_git\github_cabify\actions-runner\bin
[2024-05-18 17:40:51Z INFO HostContext] Well known directory 'Bin': 'C:\Users\Kostya\Cabify_git\github_cabify\actions-runner\bin'
[2024-05-18 17:40:51Z INFO HostContext] Well known directory 'Root': 'C:\Users\Kostya\Cabify_git\github_cabify\actions-runner'
[2024-05-18 17:40:51Z INFO ConfigurationStore] RootFolder: C:\Users\Kostya\Cabify_git\github_cabify\actions-runner
[2024-05-18 17:40:51Z INFO HostContext] Well known directory 'Bin': 'C:\Users\Kostya\Cabify_git\github_cabify\actions-runner\bin'
[2024-05-18 17:40:51Z INFO HostContext] Well known directory 'Root': 'C:\Users\Kostya\Cabify_git\github_cabify\actions-runner'
[2024-05-18 17:40:51Z INFO HostContext] Well known config file 'Runner': 'C:\Users\Kostya\Cabify_git\github_cabify\actions-runner\.runner'
[2024-05-18 17:40:51Z INFO ConfigurationStore] ConfigFilePath: C:\Users\Kostya\Cabify_git\github_cabify\actions-runner\.runner
[2024-05-18 17:40:51Z INFO HostContext] Well known directory 'Bin': 'C:\Users\Kostya\Cabify_git\github_cabify\actions-runner\bin'
[2024-05-18 17:40:51Z INFO HostContext] Well known directory 'Root': 'C:\Users\Kostya\Cabify_git\github_cabify\actions-runner'
[2024-05-18 17:40:51Z INFO HostContext] Well known config file 'Credentials': 'C:\Users\Kostya\Cabify_git\github_cabify\actions-runner\.credentials'
[2024-05-18 17:40:51Z INFO ConfigurationStore] CredFilePath: C:\Users\Kostya\Cabify_git\github_cabify\actions-runner\.credentials
[2024-05-18 17:40:51Z INFO HostContext] Well known directory 'Bin': 'C:\Users\Kostya\Cabify_git\github_cabify\actions-runner\bin'
[2024-05-18 17:40:51Z INFO HostContext] Well known directory 'Root': 'C:\Users\Kostya\Cabify_git\github_cabify\actions-runner'
[2024-05-18 17:40:51Z INFO HostContext] Well known config file 'MigratedCredentials': 'C:\Users\Kostya\Cabify_git\github_cabify\actions-runner\.credentials_migrated'
[2024-05-18 17:40:51Z INFO ConfigurationStore] MigratedCredFilePath: C:\Users\Kostya\Cabify_git\github_cabify\actions-runner\.credentials_migrated
[2024-05-18 17:40:51Z INFO HostContext] Well known directory 'Bin': 'C:\Users\Kostya\Cabify_git\github_cabify\actions-runner\bin'
[2024-05-18 17:40:51Z INFO HostContext] Well known directory 'Root': 'C:\Users\Kostya\Cabify_git\github_cabify\actions-runner'
[2024-05-18 17:40:51Z INFO HostContext] Well known config file 'Service': 'C:\Users\Kostya\Cabify_git\github_cabify\actions-runner\.service'
[2024-05-18 17:40:51Z INFO ConfigurationStore] ServiceConfigFilePath: C:\Users\Kostya\Cabify_git\github_cabify\actions-runner\.service
[2024-05-18 17:40:51Z INFO CommandSettings] Flag 'help': 'False'
[2024-05-18 17:40:51Z INFO CommandSettings] Flag 'version': 'False'
[2024-05-18 17:40:51Z INFO CommandSettings] Flag 'commit': 'False'
[2024-05-18 17:40:51Z INFO CommandSettings] Flag 'check': 'False'
[2024-05-18 17:40:51Z INFO CommandSettings] Command 'configure': 'False'
[2024-05-18 17:40:51Z INFO CommandSettings] Command 'remove': 'True'
[2024-05-18 17:40:51Z INFO CommandSettings] Flag 'local': 'False'
[2024-05-18 17:40:51Z INFO ConfigurationStore] IsServiceConfigured()
[2024-05-18 17:40:51Z INFO ConfigurationStore] IsServiceConfigured: False
[2024-05-18 17:40:51Z INFO ConfigurationStore] IsConfigured()
[2024-05-18 17:40:51Z INFO ConfigurationStore] IsConfigured: True
[2024-05-18 17:40:51Z INFO ConfigurationStore] HasCredentials()
[2024-05-18 17:40:51Z INFO ConfigurationStore] stored True
[2024-05-18 17:40:51Z INFO ConfigurationStore] Read setting file: 315 chars
[2024-05-18 17:40:51Z INFO CommandSettings] Arg 'token': ''
[2024-05-18 17:40:51Z INFO CommandSettings] Flag 'unattended': 'False'
[2024-05-18 17:40:51Z INFO PromptManager] ReadValue
[2024-05-18 17:40:51Z INFO Terminal] WRITE: Enter runner remove token: 
[2024-05-18 17:40:51Z INFO Terminal] READ SECRET
[2024-05-18 17:41:07Z INFO Terminal] Read value: '***'
[2024-05-18 17:41:08Z INFO ConfigurationManager] Http response code: OK from 'POST https://api.github.com/actions/runner-registration' (FDCB:290EA1:1ECB276A:1EF5332D:6648E834)
[2024-05-18 17:41:08Z INFO ConfigurationManager] cred retrieved via GitHub auth
[2024-05-18 17:41:08Z INFO RunnerServer] EstablishVssConnection
[2024-05-18 17:41:08Z INFO RunnerServer] Establish connection with 100 seconds timeout.
[2024-05-18 17:41:08Z INFO GitHubActionsService] Starting operation Location.GetConnectionData
[2024-05-18 17:41:08Z INFO RunnerServer] EstablishVssConnection
[2024-05-18 17:41:08Z INFO RunnerServer] Establish connection with 60 seconds timeout.
[2024-05-18 17:41:08Z INFO GitHubActionsService] Starting operation Location.GetConnectionData
[2024-05-18 17:41:08Z INFO RunnerServer] EstablishVssConnection
[2024-05-18 17:41:08Z INFO RunnerServer] Establish connection with 60 seconds timeout.
[2024-05-18 17:41:08Z INFO GitHubActionsService] Starting operation Location.GetConnectionData
[2024-05-18 17:41:08Z INFO GitHubActionsService] Finished operation Location.GetConnectionData
[2024-05-18 17:41:08Z INFO GitHubActionsService] Finished operation Location.GetConnectionData
[2024-05-18 17:41:08Z INFO GitHubActionsService] Finished operation Location.GetConnectionData
[2024-05-18 17:41:09Z INFO Terminal] WRITE LINE: 
[2024-05-18 17:41:09Z INFO ConfigurationStore] IsConfigured()
[2024-05-18 17:41:09Z INFO ConfigurationStore] IsConfigured: True
[2024-05-18 17:41:09Z INFO ConfigurationStore] HasCredentials()
[2024-05-18 17:41:09Z INFO ConfigurationStore] stored True
[2024-05-18 17:41:09Z INFO HostContext] Well known directory 'Bin': 'C:\Users\Kostya\Cabify_git\github_cabify\actions-runner\bin'
[2024-05-18 17:41:09Z INFO HostContext] Well known directory 'Root': 'C:\Users\Kostya\Cabify_git\github_cabify\actions-runner'
[2024-05-18 17:41:09Z INFO HostContext] Well known config file 'RSACredentials': 'C:\Users\Kostya\Cabify_git\github_cabify\actions-runner\.credentials_rsaparams'
[2024-05-18 17:41:09Z INFO RSAEncryptedFileKeyManager] Deleting RSA key parameters file C:\Users\Kostya\Cabify_git\github_cabify\actions-runner\.credentials_rsaparams
[2024-05-18 17:41:09Z INFO Terminal] WRITE LINE: 
[2024-05-18 17:41:09Z INFO Listener] Runner execution has finished with return code 0
